<?xml version="1.0" encoding="UTF-8"?>
<!-- Generated by org.testng.reporters.JUnitReportReporter -->
<testsuite skipped="0" hostname="LAPTOP-5IST2SUJ" name="org.testing.TestScripts.TC7_GetEmployeeRequest" tests="1" failures="0" timestamp="2022-05-16T15:33:41 IST" time="1.624" errors="0">
  <testcase name="testcase7" time="1.624" classname="org.testing.TestScripts.TC7_GetEmployeeRequest"/>
  <system-out/>
</testsuite> <!-- org.testing.TestScripts.TC7_GetEmployeeRequest -->
