<?xml version="1.0" encoding="UTF-8"?>
<!-- Generated by org.testng.reporters.JUnitReportReporter -->
<testsuite skipped="0" hostname="LAPTOP-5IST2SUJ" name="org.testing.TestScripts.TC8_GetAllEmployeeRequest" tests="1" failures="0" timestamp="2022-05-16T15:34:43 IST" time="1.692" errors="0">
  <testcase name="testcase8" time="1.692" classname="org.testing.TestScripts.TC8_GetAllEmployeeRequest"/>
  <system-out/>
</testsuite> <!-- org.testing.TestScripts.TC8_GetAllEmployeeRequest -->
